TN:
SF:..\Application\src\DTOs\ElementoComponente\ElementoComponenteDTOMapper.ts
FN:5,(anonymous_0)
FN:19,(anonymous_1)
FNF:2
FNH:2
FNDA:2,(anonymous_0)
FNDA:2,(anonymous_1)
DA:5,2
DA:7,2
DA:19,2
DA:21,2
LF:4
LH:4
BRF:0
BRH:0
end_of_record
TN:
SF:..\Application\src\DTOs\Plan\PlanDTOMapper.ts
FN:7,(anonymous_0)
FN:52,(anonymous_1)
FN:63,(anonymous_2)
FN:66,(anonymous_3)
FN:69,(anonymous_4)
FN:72,(anonymous_5)
FN:117,(anonymous_6)
FNF:7
FNH:2
FNDA:2,(anonymous_0)
FNDA:2,(anonymous_1)
FNDA:0,(anonymous_2)
FNDA:0,(anonymous_3)
FNDA:0,(anonymous_4)
FNDA:0,(anonymous_5)
FNDA:0,(anonymous_6)
DA:7,3
DA:52,3
DA:63,3
DA:64,0
DA:66,3
DA:67,0
DA:69,3
DA:70,0
DA:72,3
DA:117,3
LF:10
LH:7
BRDA:64,0,0,0
BRDA:64,0,1,0
BRDA:67,1,0,0
BRDA:67,1,1,0
BRDA:70,2,0,0
BRDA:70,2,1,0
BRF:6
BRH:0
end_of_record
TN:
SF:..\Application\src\DTOs\TipoComponente\TipoComponenteDTOMapper.ts
FN:5,(anonymous_0)
FN:13,(anonymous_1)
FNF:2
FNH:2
FNDA:2,(anonymous_0)
FNDA:2,(anonymous_1)
DA:5,2
DA:7,2
DA:13,2
DA:15,2
LF:4
LH:4
BRF:0
BRH:0
end_of_record
TN:
SF:..\Application\src\DTOs\TipoElemento\TipoElementoDTOMapper.ts
FN:5,(anonymous_0)
FN:12,(anonymous_1)
FNF:2
FNH:2
FNDA:3,(anonymous_0)
FNDA:2,(anonymous_1)
DA:5,3
DA:7,3
DA:12,3
DA:14,2
LF:4
LH:4
BRF:0
BRH:0
end_of_record
TN:
SF:..\Application\src\DTOs\TipoVariacion\TipoVariacionDTOMapper.ts
FN:5,(anonymous_0)
FN:17,(anonymous_1)
FNF:2
FNH:2
FNDA:2,(anonymous_0)
FNDA:2,(anonymous_1)
DA:5,2
DA:7,2
DA:17,2
DA:19,2
LF:4
LH:4
BRDA:11,0,0,2
BRDA:11,0,1,2
BRDA:12,1,0,2
BRDA:12,1,1,2
BRDA:13,2,0,2
BRDA:13,2,1,2
BRDA:14,3,0,2
BRDA:14,3,1,2
BRDA:23,4,0,2
BRDA:23,4,1,1
BRDA:24,5,0,2
BRDA:24,5,1,1
BRDA:25,6,0,2
BRDA:25,6,1,1
BRDA:26,7,0,2
BRDA:26,7,1,1
BRF:16
BRH:16
end_of_record
TN:
SF:..\Application\src\Errors\AppError.ts
FN:8,(anonymous_0)
FNF:1
FNH:1
FNDA:32,(anonymous_0)
DA:3,11
DA:9,32
DA:10,32
DA:11,32
DA:12,32
DA:13,32
LF:6
LH:6
BRF:0
BRH:0
end_of_record
TN:
SF:..\Application\src\Errors\ConflictError.ts
FN:4,(anonymous_0)
FNF:1
FNH:1
FNDA:3,(anonymous_0)
DA:1,2
DA:3,2
DA:5,3
DA:6,3
LF:4
LH:4
BRF:0
BRH:0
end_of_record
TN:
SF:..\Application\src\Errors\NotFoundError.ts
FN:4,(anonymous_0)
FNF:1
FNH:1
FNDA:19,(anonymous_0)
DA:1,6
DA:3,6
DA:5,19
DA:6,19
LF:4
LH:4
BRF:0
BRH:0
end_of_record
TN:
SF:..\Application\src\Errors\ValidationError.ts
FN:4,(anonymous_0)
FNF:1
FNH:1
FNDA:9,(anonymous_0)
DA:1,5
DA:3,5
DA:5,9
DA:6,9
LF:4
LH:4
BRF:0
BRH:0
end_of_record
TN:
SF:..\Application\src\Services\Componente\AssignComponenteHijoService.ts
FN:6,(anonymous_0)
FN:11,(anonymous_1)
FNF:2
FNH:2
FNDA:3,(anonymous_0)
FNDA:3,(anonymous_1)
DA:3,1
DA:5,1
DA:7,3
DA:8,3
DA:12,3
DA:13,3
DA:14,1
DA:17,2
DA:18,2
DA:19,1
DA:22,1
LF:11
LH:11
BRDA:13,0,0,1
BRDA:18,1,0,1
BRF:2
BRH:2
end_of_record
TN:
SF:..\Application\src\Services\Componente\AssignPlanToComponenteService.ts
FN:8,(anonymous_0)
FN:13,(anonymous_1)
FNF:2
FNH:0
FNDA:0,(anonymous_0)
FNDA:0,(anonymous_1)
DA:5,0
DA:7,0
DA:9,0
DA:10,0
DA:14,0
DA:15,0
LF:6
LH:0
BRF:0
BRH:0
end_of_record
TN:
SF:..\Application\src\Services\Componente\CreateComponenteService.ts
FN:10,(anonymous_0)
FN:16,(anonymous_1)
FNF:2
FNH:2
FNDA:1,(anonymous_0)
FNDA:1,(anonymous_1)
DA:7,1
DA:9,1
DA:11,1
DA:12,1
DA:13,1
DA:17,1
DA:18,1
DA:19,1
LF:8
LH:8
BRF:0
BRH:0
end_of_record
TN:
SF:..\Application\src\Services\Componente\DeleteComponenteService.ts
FN:7,(anonymous_0)
FN:12,(anonymous_1)
FNF:2
FNH:2
FNDA:3,(anonymous_0)
FNDA:3,(anonymous_1)
DA:3,1
DA:4,1
DA:6,1
DA:8,3
DA:9,3
DA:13,3
DA:15,3
DA:16,1
DA:19,2
DA:23,2
DA:24,1
DA:27,1
LF:12
LH:12
BRDA:15,0,0,1
BRDA:23,1,0,1
BRF:2
BRH:2
end_of_record
TN:
SF:..\Application\src\Services\Componente\GetAllComponentesService.ts
FN:6,(anonymous_0)
FN:8,(anonymous_1)
FNF:2
FNH:2
FNDA:1,(anonymous_0)
FNDA:1,(anonymous_1)
DA:5,1
DA:6,1
DA:9,1
LF:3
LH:3
BRF:0
BRH:0
end_of_record
TN:
SF:..\Application\src\Services\Componente\GetComponenteByIdService.ts
FN:6,(anonymous_0)
FN:8,(anonymous_1)
FNF:2
FNH:2
FNDA:1,(anonymous_0)
FNDA:1,(anonymous_1)
DA:5,1
DA:6,1
DA:9,1
LF:3
LH:3
BRF:0
BRH:0
end_of_record
TN:
SF:..\Application\src\Services\Componente\GetComponenteTreeService.ts
FN:9,(anonymous_0)
FN:14,(anonymous_1)
FN:26,(anonymous_2)
FN:32,(anonymous_3)
FN:39,(anonymous_4)
FN:51,(anonymous_5)
FN:52,(anonymous_6)
FNF:7
FNH:7
FNDA:5,(anonymous_0)
FNDA:5,(anonymous_1)
FNDA:6,(anonymous_2)
FNDA:4,(anonymous_3)
FNDA:8,(anonymous_4)
FNDA:4,(anonymous_5)
FNDA:4,(anonymous_6)
DA:4,1
DA:8,1
DA:10,5
DA:11,5
DA:15,5
DA:16,5
DA:17,1
DA:20,4
DA:25,4
DA:26,4
DA:27,6
DA:29,4
DA:31,4
DA:32,4
DA:33,4
DA:34,4
DA:36,4
DA:39,4
DA:40,8
DA:41,1
DA:43,7
DA:45,7
DA:46,7
DA:47,2
DA:50,5
DA:51,4
DA:52,4
DA:54,5
DA:60,4
DA:62,4
DA:63,1
DA:66,3
LF:32
LH:32
BRDA:16,0,0,1
BRDA:33,1,0,4
BRDA:40,2,0,1
BRDA:46,3,0,2
BRDA:50,4,0,5
BRDA:50,4,1,1
BRDA:62,5,0,1
BRF:7
BRH:7
end_of_record
TN:
SF:..\Application\src\Services\Componente\GetComponentesByPlanService.ts
FN:5,(anonymous_0)
FN:7,(anonymous_1)
FNF:2
FNH:2
FNDA:1,(anonymous_0)
FNDA:1,(anonymous_1)
DA:4,1
DA:5,1
DA:8,1
LF:3
LH:3
BRF:0
BRH:0
end_of_record
TN:
SF:..\Application\src\Services\Componente\PatchComponenteService.ts
FN:9,(anonymous_0)
FN:14,(anonymous_1)
FNF:2
FNH:2
FNDA:2,(anonymous_0)
FNDA:2,(anonymous_1)
DA:6,1
DA:8,1
DA:10,2
DA:11,2
DA:15,2
DA:16,1
DA:18,2
LF:7
LH:7
BRDA:15,0,0,1
BRDA:15,1,0,2
BRDA:15,1,1,1
BRF:3
BRH:3
end_of_record
TN:
SF:..\Application\src\Services\Componente\SoftDeleteComponenteService.ts
FN:7,(anonymous_0)
FN:12,(anonymous_1)
FNF:2
FNH:2
FNDA:3,(anonymous_0)
FNDA:3,(anonymous_1)
DA:3,1
DA:4,1
DA:6,1
DA:8,3
DA:9,3
DA:13,3
DA:15,3
DA:16,1
DA:19,2
DA:23,2
DA:24,1
DA:27,1
LF:12
LH:12
BRDA:15,0,0,1
BRDA:23,1,0,1
BRF:2
BRH:2
end_of_record
TN:
SF:..\Application\src\Services\Componente\UnassignComponenteHijoService.ts
FN:4,(anonymous_0)
FN:6,(anonymous_1)
FNF:2
FNH:2
FNDA:1,(anonymous_0)
FNDA:1,(anonymous_1)
DA:3,1
DA:4,1
DA:7,1
LF:3
LH:3
BRF:0
BRH:0
end_of_record
TN:
SF:..\Application\src\Services\Componente\UnassignPlanFromComponenteService.ts
FN:6,(anonymous_0)
FN:8,(anonymous_1)
FNF:2
FNH:0
FNDA:0,(anonymous_0)
FNDA:0,(anonymous_1)
DA:5,0
DA:6,0
DA:9,0
LF:3
LH:0
BRF:0
BRH:0
end_of_record
TN:
SF:..\Application\src\Services\Componente\UpdateComponenteService.ts
FN:6,(anonymous_0)
FN:8,(anonymous_1)
FNF:2
FNH:2
FNDA:1,(anonymous_0)
FNDA:1,(anonymous_1)
DA:5,1
DA:6,1
DA:9,1
LF:3
LH:3
BRF:0
BRH:0
end_of_record
TN:
SF:..\Application\src\Services\Componente\ensurePlanExists.ts
FN:4,(anonymous_0)
FNF:1
FNH:1
FNDA:5,(anonymous_0)
DA:2,2
DA:4,2
DA:8,5
DA:10,5
DA:11,2
LF:5
LH:5
BRDA:10,0,0,2
BRF:1
BRH:1
end_of_record
TN:
SF:..\Application\src\Services\ElementoComponente\CreateElementoComponenteService.ts
FN:12,(anonymous_0)
FN:19,(anonymous_1)
FNF:2
FNH:2
FNDA:3,(anonymous_0)
FNDA:3,(anonymous_1)
DA:2,1
DA:9,1
DA:11,1
DA:13,3
DA:14,3
DA:15,3
DA:16,3
DA:20,3
DA:22,3
DA:23,3
DA:24,1
DA:27,2
DA:30,2
DA:31,1
DA:34,1
DA:35,1
LF:16
LH:16
BRDA:23,0,0,1
BRDA:30,1,0,1
BRF:2
BRH:2
end_of_record
TN:
SF:..\Application\src\Services\ElementoComponente\DeleteElementoComponenteService.ts
FN:5,(anonymous_0)
FN:7,(anonymous_1)
FNF:2
FNH:2
FNDA:1,(anonymous_0)
FNDA:1,(anonymous_1)
DA:4,1
DA:5,1
DA:8,1
LF:3
LH:3
BRF:0
BRH:0
end_of_record
TN:
SF:..\Application\src\Services\ElementoComponente\GetAllElementosComponenteService.ts
FN:9,(anonymous_0)
FN:14,(anonymous_1)
FNF:2
FNH:2
FNDA:1,(anonymous_0)
FNDA:1,(anonymous_1)
DA:6,1
DA:10,1
DA:11,1
DA:15,1
DA:16,1
LF:5
LH:5
BRF:0
BRH:0
end_of_record
TN:
SF:..\Application\src\Services\ElementoComponente\GetElementoComponenteByIdService.ts
FN:9,(anonymous_0)
FN:14,(anonymous_1)
FNF:2
FNH:2
FNDA:1,(anonymous_0)
FNDA:1,(anonymous_1)
DA:6,1
DA:10,1
DA:11,1
DA:15,1
DA:18,1
LF:5
LH:5
BRF:0
BRH:0
end_of_record
TN:
SF:..\Application\src\Services\ElementoComponente\GetElementosByComponenteService.ts
FN:9,(anonymous_0)
FN:14,(anonymous_1)
FNF:2
FNH:2
FNDA:1,(anonymous_0)
FNDA:1,(anonymous_1)
DA:6,1
DA:10,1
DA:11,1
DA:15,1
DA:18,1
LF:5
LH:5
BRF:0
BRH:0
end_of_record
TN:
SF:..\Application\src\Services\ElementoComponente\PatchElementoComponenteService.ts
FN:10,(anonymous_0)
FN:16,(anonymous_1)
FNF:2
FNH:2
FNDA:3,(anonymous_0)
FNDA:3,(anonymous_1)
DA:7,1
DA:9,1
DA:11,3
DA:12,3
DA:13,3
DA:20,3
DA:21,2
DA:22,2
DA:23,1
DA:27,2
DA:28,2
DA:31,2
DA:32,1
DA:36,1
LF:14
LH:14
BRDA:20,0,0,2
BRDA:22,1,0,1
BRDA:27,2,0,2
BRDA:31,3,0,1
BRF:4
BRH:4
end_of_record
TN:
SF:..\Application\src\Services\ElementoComponente\UpdateElementoComponenteService.ts
FN:11,(anonymous_0)
FN:17,(anonymous_1)
FNF:2
FNH:2
FNDA:3,(anonymous_0)
FNDA:3,(anonymous_1)
DA:2,1
DA:8,1
DA:10,1
DA:12,3
DA:13,3
DA:14,3
DA:18,3
DA:19,3
DA:20,1
DA:23,2
DA:26,2
DA:27,1
DA:30,1
DA:31,1
LF:14
LH:14
BRDA:19,0,0,1
BRDA:26,1,0,1
BRF:2
BRH:2
end_of_record
TN:
SF:..\Application\src\Services\LandingComponente\AssignComponenteToLandingService.ts
FN:9,(anonymous_0)
FN:16,(anonymous_1)
FNF:2
FNH:2
FNDA:4,(anonymous_0)
FNDA:4,(anonymous_1)
DA:6,1
DA:8,1
DA:10,4
DA:11,4
DA:12,4
DA:13,4
DA:20,4
DA:22,4
DA:23,4
DA:25,3
DA:26,3
DA:28,2
DA:29,2
DA:30,1
DA:33,1
DA:34,1
LF:16
LH:16
BRDA:23,0,0,1
BRDA:26,1,0,1
BRDA:29,2,0,1
BRF:3
BRH:3
end_of_record
TN:
SF:..\Application\src\Services\LandingComponente\AssignLandingComponenteService.ts
FN:10,(anonymous_0)
FN:17,(anonymous_1)
FNF:2
FNH:2
FNDA:4,(anonymous_0)
FNDA:4,(anonymous_1)
DA:7,1
DA:9,1
DA:11,4
DA:12,4
DA:13,4
DA:14,4
DA:21,4
DA:23,4
DA:24,4
DA:26,3
DA:27,3
DA:29,2
DA:30,2
DA:32,1
DA:35,1
DA:36,1
LF:16
LH:16
BRDA:24,0,0,1
BRDA:27,1,0,1
BRDA:30,2,0,1
BRF:3
BRH:3
end_of_record
TN:
SF:..\Application\src\Services\LandingComponente\ExistsLandingComponenteService.ts
FN:4,(anonymous_0)
FN:6,(anonymous_1)
FNF:2
FNH:2
FNDA:1,(anonymous_0)
FNDA:1,(anonymous_1)
DA:3,1
DA:4,1
DA:7,1
LF:3
LH:3
BRF:0
BRH:0
end_of_record
TN:
SF:..\Application\src\Services\LandingComponente\GetLandingComponentesService.ts
FN:5,(anonymous_0)
FN:7,(anonymous_1)
FNF:2
FNH:2
FNDA:1,(anonymous_0)
FNDA:1,(anonymous_1)
DA:4,1
DA:5,1
DA:8,1
LF:3
LH:3
BRF:0
BRH:0
end_of_record
TN:
SF:..\Application\src\Services\LandingComponente\GetLandingsByComponenteService.ts
FN:5,(anonymous_0)
FN:7,(anonymous_1)
FNF:2
FNH:2
FNDA:1,(anonymous_0)
FNDA:1,(anonymous_1)
DA:4,1
DA:5,1
DA:8,1
LF:3
LH:3
BRF:0
BRH:0
end_of_record
TN:
SF:..\Application\src\Services\LandingComponente\UnassignComponenteFromLandingService.ts
FN:4,(anonymous_0)
FN:6,(anonymous_1)
FNF:2
FNH:2
FNDA:1,(anonymous_0)
FNDA:1,(anonymous_1)
DA:3,1
DA:4,1
DA:7,1
LF:3
LH:3
BRF:0
BRH:0
end_of_record
TN:
SF:..\Application\src\Services\LandingPage\CreateLandingPageCommandHandler.ts
FN:7,(anonymous_0)
FN:9,(anonymous_1)
FNF:2
FNH:2
FNDA:1,(anonymous_0)
FNDA:1,(anonymous_1)
DA:4,1
DA:6,1
DA:7,1
DA:10,1
DA:12,1
LF:5
LH:5
BRF:0
BRH:0
end_of_record
TN:
SF:..\Application\src\Services\LandingPage\CreateLandingPageService.ts
FN:8,(anonymous_0)
FN:13,(anonymous_1)
FNF:2
FNH:2
FNDA:1,(anonymous_0)
FNDA:1,(anonymous_1)
DA:7,1
DA:9,1
DA:10,1
DA:14,1
DA:15,1
LF:5
LH:5
BRF:0
BRH:0
end_of_record
TN:
SF:..\Application\src\Services\LandingPage\DeleteLandingPageCommandHandler.ts
FN:5,(anonymous_0)
FN:7,(anonymous_1)
FNF:2
FNH:2
FNDA:1,(anonymous_0)
FNDA:1,(anonymous_1)
DA:4,1
DA:5,1
DA:8,1
LF:3
LH:3
BRF:0
BRH:0
end_of_record
TN:
SF:..\Application\src\Services\LandingPage\DeleteLandingPageService.ts
FN:4,(anonymous_0)
FN:6,(anonymous_1)
FNF:2
FNH:2
FNDA:1,(anonymous_0)
FNDA:1,(anonymous_1)
DA:3,1
DA:4,1
DA:7,1
LF:3
LH:3
BRF:0
BRH:0
end_of_record
TN:
SF:..\Application\src\Services\LandingPage\GetAllLandingPagesQueryHandler.ts
FN:6,(anonymous_0)
FN:8,(anonymous_1)
FNF:2
FNH:2
FNDA:1,(anonymous_0)
FNDA:1,(anonymous_1)
DA:5,1
DA:6,1
DA:9,1
LF:3
LH:3
BRF:0
BRH:0
end_of_record
TN:
SF:..\Application\src\Services\LandingPage\GetAllLandingPagesService.ts
FN:7,(anonymous_0)
FN:12,(anonymous_1)
FNF:2
FNH:2
FNDA:1,(anonymous_0)
FNDA:1,(anonymous_1)
DA:6,1
DA:8,1
DA:9,1
DA:13,1
DA:14,1
LF:5
LH:5
BRF:0
BRH:0
end_of_record
TN:
SF:..\Application\src\Services\LandingPage\GetLandingPageByIdQueryHandler.ts
FN:6,(anonymous_0)
FN:8,(anonymous_1)
FNF:2
FNH:2
FNDA:1,(anonymous_0)
FNDA:1,(anonymous_1)
DA:5,1
DA:6,1
DA:9,1
LF:3
LH:3
BRF:0
BRH:0
end_of_record
TN:
SF:..\Application\src\Services\LandingPage\GetLandingPageByIdService.ts
FN:7,(anonymous_0)
FN:12,(anonymous_1)
FNF:2
FNH:2
FNDA:1,(anonymous_0)
FNDA:1,(anonymous_1)
DA:6,1
DA:8,1
DA:9,1
DA:13,1
DA:14,1
LF:5
LH:5
BRF:0
BRH:0
end_of_record
TN:
SF:..\Application\src\Services\LandingPage\LandingPageMapper.ts
FN:6,(anonymous_0)
FN:16,(anonymous_1)
FN:27,(anonymous_2)
FN:36,(anonymous_3)
FNF:4
FNH:4
FNDA:13,(anonymous_0)
FNDA:3,(anonymous_1)
FNDA:3,(anonymous_2)
FNDA:3,(anonymous_3)
DA:1,2
DA:4,2
DA:6,2
DA:7,13
DA:8,1
DA:13,12
DA:16,2
DA:17,3
DA:18,1
DA:23,2
DA:26,2
DA:28,3
DA:30,3
DA:31,2
DA:32,2
DA:34,2
DA:37,3
DA:39,3
DA:40,2
DA:41,2
DA:42,2
DA:44,2
LF:22
LH:22
BRDA:7,0,0,1
BRDA:7,1,0,13
BRDA:7,1,1,13
BRDA:17,2,0,1
BRDA:17,3,0,3
BRDA:17,3,1,3
BRDA:17,3,2,3
BRF:7
BRH:7
end_of_record
TN:
SF:..\Application\src\Services\LandingPage\PatchLandingPageService.ts
FN:7,(anonymous_0)
FN:18,(anonymous_1)
FN:20,(anonymous_2)
FNF:3
FNH:3
FNDA:4,(anonymous_0)
FNDA:6,(anonymous_1)
FNDA:6,(anonymous_2)
DA:4,1
DA:5,1
DA:7,1
DA:8,4
DA:9,3
DA:14,1
DA:17,1
DA:18,6
DA:21,6
DA:23,6
DA:24,1
DA:27,5
DA:28,1
DA:33,4
DA:40,1
LF:15
LH:15
BRDA:8,0,0,3
BRDA:8,1,0,4
BRDA:8,1,1,4
BRDA:23,2,0,1
BRDA:27,3,0,1
BRDA:35,4,0,2
BRDA:35,4,1,2
BRDA:36,5,0,1
BRDA:36,5,1,2
BRDA:37,6,0,1
BRDA:37,6,1,1
BRF:11
BRH:11
end_of_record
TN:
SF:..\Application\src\Services\LandingPage\UpdateLandingPageCommandHandler.ts
FN:7,(anonymous_0)
FN:9,(anonymous_1)
FNF:2
FNH:2
FNDA:1,(anonymous_0)
FNDA:1,(anonymous_1)
DA:4,1
DA:6,1
DA:7,1
DA:10,1
DA:12,1
LF:5
LH:5
BRF:0
BRH:0
end_of_record
TN:
SF:..\Application\src\Services\LandingPage\UpdateLandingPageService.ts
FN:7,(anonymous_0)
FN:9,(anonymous_1)
FNF:2
FNH:2
FNDA:1,(anonymous_0)
FNDA:1,(anonymous_1)
DA:4,1
DA:6,1
DA:7,1
DA:10,1
DA:12,1
LF:5
LH:5
BRF:0
BRH:0
end_of_record
TN:
SF:..\Application\src\Services\Plan\CreatePlanFullService.ts
FN:9,(anonymous_0)
FN:14,(anonymous_1)
FNF:2
FNH:0
FNDA:0,(anonymous_0)
FNDA:0,(anonymous_1)
DA:2,0
DA:8,0
DA:10,0
DA:11,0
DA:15,0
DA:16,0
DA:17,0
LF:7
LH:0
BRF:0
BRH:0
end_of_record
TN:
SF:..\Application\src\Services\Plan\CreatePlanService.ts
FN:9,(anonymous_0)
FN:14,(anonymous_1)
FNF:2
FNH:2
FNDA:1,(anonymous_0)
FNDA:1,(anonymous_1)
DA:2,1
DA:8,1
DA:10,1
DA:11,1
DA:15,1
DA:16,1
DA:17,1
LF:7
LH:7
BRF:0
BRH:0
end_of_record
TN:
SF:..\Application\src\Services\Plan\DeletePlanService.ts
FN:5,(anonymous_0)
FN:7,(anonymous_1)
FNF:2
FNH:0
FNDA:0,(anonymous_0)
FNDA:0,(anonymous_1)
DA:4,0
DA:5,0
DA:8,0
LF:3
LH:0
BRF:0
BRH:0
end_of_record
TN:
SF:..\Application\src\Services\Plan\GetAllPlansService.ts
FN:7,(anonymous_0)
FN:12,(anonymous_1)
FNF:2
FNH:2
FNDA:1,(anonymous_0)
FNDA:1,(anonymous_1)
DA:6,1
DA:8,1
DA:9,1
DA:13,1
DA:14,1
LF:5
LH:5
BRF:0
BRH:0
end_of_record
TN:
SF:..\Application\src\Services\Plan\GetPlanByIdService.ts
FN:7,(anonymous_0)
FN:12,(anonymous_1)
FNF:2
FNH:2
FNDA:1,(anonymous_0)
FNDA:1,(anonymous_1)
DA:6,1
DA:8,1
DA:9,1
DA:13,1
DA:14,1
LF:5
LH:5
BRF:0
BRH:0
end_of_record
TN:
SF:..\Application\src\Services\Plan\PatchPlanFullService.ts
FN:8,(anonymous_0)
FN:13,(anonymous_1)
FNF:2
FNH:0
FNDA:0,(anonymous_0)
FNDA:0,(anonymous_1)
DA:7,0
DA:9,0
DA:10,0
DA:14,0
DA:15,0
LF:5
LH:0
BRF:0
BRH:0
end_of_record
TN:
SF:..\Application\src\Services\Plan\PatchPlanService.ts
FN:8,(anonymous_0)
FN:13,(anonymous_1)
FNF:2
FNH:2
FNDA:1,(anonymous_0)
FNDA:1,(anonymous_1)
DA:7,1
DA:9,1
DA:10,1
DA:14,1
DA:15,1
LF:5
LH:5
BRF:0
BRH:0
end_of_record
TN:
SF:..\Application\src\Services\Plan\UpdatePlanService.ts
FN:9,(anonymous_0)
FN:14,(anonymous_1)
FNF:2
FNH:2
FNDA:1,(anonymous_0)
FNDA:1,(anonymous_1)
DA:2,1
DA:8,1
DA:10,1
DA:11,1
DA:15,1
DA:16,1
DA:17,1
LF:7
LH:7
BRF:0
BRH:0
end_of_record
TN:
SF:..\Application\src\Services\TipoComponente\CreateTipoComponenteService.ts
FN:9,(anonymous_0)
FN:14,(anonymous_1)
FNF:2
FNH:2
FNDA:1,(anonymous_0)
FNDA:1,(anonymous_1)
DA:2,1
DA:8,1
DA:10,1
DA:11,1
DA:15,1
DA:16,1
DA:17,1
LF:7
LH:7
BRF:0
BRH:0
end_of_record
TN:
SF:..\Application\src\Services\TipoComponente\DeleteTipoComponenteService.ts
FN:5,(anonymous_0)
FN:7,(anonymous_1)
FNF:2
FNH:0
FNDA:0,(anonymous_0)
FNDA:0,(anonymous_1)
DA:4,0
DA:5,0
DA:8,0
LF:3
LH:0
BRF:0
BRH:0
end_of_record
TN:
SF:..\Application\src\Services\TipoComponente\GetAllTiposComponenteService.ts
FN:7,(anonymous_0)
FN:12,(anonymous_1)
FNF:2
FNH:2
FNDA:1,(anonymous_0)
FNDA:1,(anonymous_1)
DA:6,1
DA:8,1
DA:9,1
DA:13,1
DA:14,1
LF:5
LH:5
BRF:0
BRH:0
end_of_record
TN:
SF:..\Application\src\Services\TipoComponente\GetTipoComponenteByIdService.ts
FN:7,(anonymous_0)
FN:12,(anonymous_1)
FNF:2
FNH:2
FNDA:1,(anonymous_0)
FNDA:1,(anonymous_1)
DA:6,1
DA:8,1
DA:9,1
DA:13,1
DA:16,1
LF:5
LH:5
BRF:0
BRH:0
end_of_record
TN:
SF:..\Application\src\Services\TipoComponente\PatchTipoComponenteService.ts
FN:7,(anonymous_0)
FN:9,(anonymous_1)
FNF:2
FNH:2
FNDA:1,(anonymous_0)
FNDA:1,(anonymous_1)
DA:6,1
DA:7,1
DA:13,1
LF:3
LH:3
BRF:0
BRH:0
end_of_record
TN:
SF:..\Application\src\Services\TipoComponente\UpdateTipoComponenteService.ts
FN:8,(anonymous_0)
FN:10,(anonymous_1)
FNF:2
FNH:2
FNDA:1,(anonymous_0)
FNDA:1,(anonymous_1)
DA:2,1
DA:7,1
DA:8,1
DA:11,1
DA:12,1
LF:5
LH:5
BRF:0
BRH:0
end_of_record
TN:
SF:..\Application\src\Services\TipoElemento\CreateTipoElementoService.ts
FN:9,(anonymous_0)
FN:14,(anonymous_1)
FNF:2
FNH:2
FNDA:2,(anonymous_0)
FNDA:2,(anonymous_1)
DA:2,2
DA:8,2
DA:10,2
DA:11,2
DA:15,2
DA:16,2
DA:17,2
LF:7
LH:7
BRF:0
BRH:0
end_of_record
TN:
SF:..\Application\src\Services\TipoElemento\DeleteTipoElementoService.ts
FN:5,(anonymous_0)
FN:7,(anonymous_1)
FNF:2
FNH:2
FNDA:1,(anonymous_0)
FNDA:1,(anonymous_1)
DA:4,1
DA:5,1
DA:8,1
LF:3
LH:3
BRF:0
BRH:0
end_of_record
TN:
SF:..\Application\src\Services\TipoElemento\GetAllTiposElementoService.ts
FN:7,(anonymous_0)
FN:12,(anonymous_1)
FNF:2
FNH:2
FNDA:1,(anonymous_0)
FNDA:1,(anonymous_1)
DA:6,1
DA:8,1
DA:9,1
DA:13,1
DA:14,1
LF:5
LH:5
BRF:0
BRH:0
end_of_record
TN:
SF:..\Application\src\Services\TipoElemento\GetTipoElementoByIdService.ts
FN:7,(anonymous_0)
FN:12,(anonymous_1)
FNF:2
FNH:2
FNDA:1,(anonymous_0)
FNDA:1,(anonymous_1)
DA:6,1
DA:8,1
DA:9,1
DA:13,1
DA:16,1
LF:5
LH:5
BRF:0
BRH:0
end_of_record
TN:
SF:..\Application\src\Services\TipoElemento\PatchTipoElementoService.ts
FN:7,(anonymous_0)
FN:9,(anonymous_1)
FNF:2
FNH:2
FNDA:1,(anonymous_0)
FNDA:1,(anonymous_1)
DA:6,1
DA:7,1
DA:13,1
LF:3
LH:3
BRF:0
BRH:0
end_of_record
TN:
SF:..\Application\src\Services\TipoElemento\UpdateTipoElementoService.ts
FN:8,(anonymous_0)
FN:10,(anonymous_1)
FNF:2
FNH:2
FNDA:1,(anonymous_0)
FNDA:1,(anonymous_1)
DA:2,1
DA:7,1
DA:8,1
DA:11,1
DA:12,1
LF:5
LH:5
BRF:0
BRH:0
end_of_record
TN:
SF:..\Application\src\Services\TipoVariacion\CreateTipoVariacionService.ts
FN:11,(anonymous_0)
FN:17,(anonymous_1)
FNF:2
FNH:2
FNDA:1,(anonymous_0)
FNDA:1,(anonymous_1)
DA:2,1
DA:7,1
DA:10,1
DA:12,1
DA:13,1
DA:14,1
DA:18,1
DA:19,1
DA:23,1
DA:24,1
LF:10
LH:10
BRF:0
BRH:0
end_of_record
TN:
SF:..\Application\src\Services\TipoVariacion\DeleteTipoVariacionService.ts
FN:5,(anonymous_0)
FN:7,(anonymous_1)
FNF:2
FNH:0
FNDA:0,(anonymous_0)
FNDA:0,(anonymous_1)
DA:4,0
DA:5,0
DA:8,0
LF:3
LH:0
BRF:0
BRH:0
end_of_record
TN:
SF:..\Application\src\Services\TipoVariacion\GetAllTiposVariacionService.ts
FN:7,(anonymous_0)
FN:12,(anonymous_1)
FNF:2
FNH:2
FNDA:1,(anonymous_0)
FNDA:1,(anonymous_1)
DA:6,1
DA:8,1
DA:9,1
DA:13,1
DA:14,1
LF:5
LH:5
BRF:0
BRH:0
end_of_record
TN:
SF:..\Application\src\Services\TipoVariacion\GetTipoVariacionByIdService.ts
FN:7,(anonymous_0)
FN:12,(anonymous_1)
FNF:2
FNH:2
FNDA:1,(anonymous_0)
FNDA:1,(anonymous_1)
DA:6,1
DA:8,1
DA:9,1
DA:13,1
DA:16,1
LF:5
LH:5
BRF:0
BRH:0
end_of_record
TN:
SF:..\Application\src\Services\TipoVariacion\GetVariacionesByTipoComponenteService.ts
FN:9,(anonymous_0)
FN:14,(anonymous_1)
FNF:2
FNH:2
FNDA:1,(anonymous_0)
FNDA:1,(anonymous_1)
DA:6,1
DA:10,1
DA:11,1
DA:15,1
DA:18,1
LF:5
LH:5
BRF:0
BRH:0
end_of_record
TN:
SF:..\Application\src\Services\TipoVariacion\PatchTipoVariacionService.ts
FN:9,(anonymous_0)
FN:14,(anonymous_1)
FNF:2
FNH:2
FNDA:2,(anonymous_0)
FNDA:2,(anonymous_1)
DA:6,1
DA:8,1
DA:10,2
DA:11,2
DA:18,2
DA:19,1
DA:24,2
LF:7
LH:7
BRDA:18,0,0,1
BRF:1
BRH:1
end_of_record
TN:
SF:..\Application\src\Services\TipoVariacion\UpdateTipoVariacionService.ts
FN:10,(anonymous_0)
FN:15,(anonymous_1)
FNF:2
FNH:2
FNDA:1,(anonymous_0)
FNDA:1,(anonymous_1)
DA:2,1
DA:7,1
DA:9,1
DA:11,1
DA:12,1
DA:16,1
DA:20,1
DA:21,1
LF:8
LH:8
BRF:0
BRH:0
end_of_record
TN:
SF:..\Application\src\Services\TipoVariacion\ensureTipoComponenteExists.ts
FN:4,(anonymous_0)
FNF:1
FNH:1
FNDA:5,(anonymous_0)
DA:2,1
DA:4,1
DA:8,5
DA:9,5
DA:10,1
LF:5
LH:5
BRDA:9,0,0,1
BRF:1
BRH:1
end_of_record
TN:
SF:..\Domain\src\Entities\Componente.ts
FNF:0
FNH:0
DA:3,1
LF:1
LH:1
BRF:0
BRH:0
end_of_record
TN:
SF:..\Domain\src\Entities\ComponenteCompuesto.ts
FNF:0
FNH:0
DA:1,1
LF:1
LH:1
BRF:0
BRH:0
end_of_record
TN:
SF:..\Domain\src\Entities\ElementoComponente.ts
FNF:0
FNH:0
DA:1,1
LF:1
LH:1
BRF:0
BRH:0
end_of_record
TN:
SF:..\Domain\src\Entities\LandingComponente.ts
FNF:0
FNH:0
DA:4,1
LF:1
LH:1
BRF:0
BRH:0
end_of_record
TN:
SF:..\Domain\src\Entities\LandingPage.ts
FNF:0
FNH:0
DA:1,3
LF:1
LH:1
BRF:0
BRH:0
end_of_record
TN:
SF:..\Domain\src\Entities\Plan.ts
FNF:0
FNH:0
DA:1,1
LF:1
LH:1
BRF:0
BRH:0
end_of_record
TN:
SF:..\Domain\src\Entities\TipoComponente.ts
FNF:0
FNH:0
DA:1,1
LF:1
LH:1
BRF:0
BRH:0
end_of_record
TN:
SF:..\Domain\src\Entities\TipoElemento.ts
FNF:0
FNH:0
DA:1,1
LF:1
LH:1
BRF:0
BRH:0
end_of_record
TN:
SF:..\Domain\src\Entities\TipoVariacion.ts
FNF:0
FNH:0
DA:1,1
LF:1
LH:1
BRF:0
BRH:0
end_of_record
